<?xml version="1.0" encoding="UTF-8"?>
<testsuite xmlns:xsi="http://www.w3.org/2001/XMLSchema-instance" xsi:noNamespaceSchemaLocation="https://maven.apache.org/surefire/maven-surefire-plugin/xsd/surefire-test-report.xsd" name="com.option16.AppTest" time="0.095" tests="1" errors="0" skipped="0" failures="0">
  <properties>
    <property name="awt.toolkit" value="sun.awt.X11.XToolkit"/>
    <property name="file.encoding.pkg" value="sun.io"/>
    <property name="java.specification.version" value="1.8"/>
    <property name="sun.cpu.isalist" value=""/>
    <property name="sun.jnu.encoding" value="UTF-8"/>
    <property name="java.class.path" value="/home/aric/Desktop/FirmataTemplate/main/target/test-classes:/home/aric/Desktop/FirmataTemplate/main/target/classes:/home/aric/.m2/repository/io/github/java-native/jssc/2.9.4/jssc-2.9.4.jar:/home/aric/.m2/repository/org/scijava/native-lib-loader/2.3.6/native-lib-loader-2.3.6.jar:/home/aric/.m2/repository/org/slf4j/slf4j-jcl/1.7.36/slf4j-jcl-1.7.36.jar:/home/aric/.m2/repository/org/slf4j/slf4j-api/1.7.36/slf4j-api-1.7.36.jar:/home/aric/.m2/repository/commons-logging/commons-logging/1.1.1/commons-logging-1.1.1.jar:/home/aric/.m2/repository/com/github/kurbatov/firmata4j/2.3.8/firmata4j-2.3.8.jar:/home/aric/.m2/repository/org/scream3r/jssc/2.8.0/jssc-2.8.0.jar:/home/aric/.m2/repository/junit/junit/4.11/junit-4.11.jar:/home/aric/.m2/repository/org/hamcrest/hamcrest-core/1.3/hamcrest-core-1.3.jar:"/>
    <property name="java.vm.vendor" value="Oracle Corporation"/>
    <property name="sun.arch.data.model" value="64"/>
    <property name="java.vendor.url" value="http://java.oracle.com/"/>
    <property name="user.timezone" value=""/>
    <property name="java.vm.specification.version" value="1.8"/>
    <property name="os.name" value="Linux"/>
    <property name="user.country" value="US"/>
    <property name="sun.java.launcher" value="SUN_STANDARD"/>
    <property name="sun.boot.library.path" value="/usr/lib/jvm/java-8-openjdk/jre/lib/amd64"/>
    <property name="sun.java.command" value="/home/aric/Desktop/FirmataTemplate/main/target/surefire/surefirebooter350024918340933016.jar /home/aric/Desktop/FirmataTemplate/main/target/surefire 2023-04-06T20-58-32_159-jvmRun1 surefire8492186509633206299tmp surefire_04893439613550020200tmp"/>
    <property name="surefire.test.class.path" value="/home/aric/Desktop/FirmataTemplate/main/target/test-classes:/home/aric/Desktop/FirmataTemplate/main/target/classes:/home/aric/.m2/repository/io/github/java-native/jssc/2.9.4/jssc-2.9.4.jar:/home/aric/.m2/repository/org/scijava/native-lib-loader/2.3.6/native-lib-loader-2.3.6.jar:/home/aric/.m2/repository/org/slf4j/slf4j-jcl/1.7.36/slf4j-jcl-1.7.36.jar:/home/aric/.m2/repository/org/slf4j/slf4j-api/1.7.36/slf4j-api-1.7.36.jar:/home/aric/.m2/repository/commons-logging/commons-logging/1.1.1/commons-logging-1.1.1.jar:/home/aric/.m2/repository/com/github/kurbatov/firmata4j/2.3.8/firmata4j-2.3.8.jar:/home/aric/.m2/repository/org/scream3r/jssc/2.8.0/jssc-2.8.0.jar:/home/aric/.m2/repository/junit/junit/4.11/junit-4.11.jar:/home/aric/.m2/repository/org/hamcrest/hamcrest-core/1.3/hamcrest-core-1.3.jar:"/>
    <property name="sun.cpu.endian" value="little"/>
    <property name="user.home" value="/home/aric"/>
    <property name="user.language" value="en"/>
    <property name="java.specification.vendor" value="Oracle Corporation"/>
    <property name="java.home" value="/usr/lib/jvm/java-8-openjdk/jre"/>
    <property name="basedir" value="/home/aric/Desktop/FirmataTemplate/main"/>
    <property name="file.separator" value="/"/>
    <property name="line.separator" value="&#10;"/>
    <property name="java.vm.specification.vendor" value="Oracle Corporation"/>
    <property name="java.specification.name" value="Java Platform API Specification"/>
    <property name="java.awt.graphicsenv" value="sun.awt.X11GraphicsEnvironment"/>
    <property name="surefire.real.class.path" value="/home/aric/Desktop/FirmataTemplate/main/target/surefire/surefirebooter350024918340933016.jar"/>
    <property name="sun.boot.class.path" value="/usr/lib/jvm/java-8-openjdk/jre/lib/resources.jar:/usr/lib/jvm/java-8-openjdk/jre/lib/rt.jar:/usr/lib/jvm/java-8-openjdk/jre/lib/sunrsasign.jar:/usr/lib/jvm/java-8-openjdk/jre/lib/jsse.jar:/usr/lib/jvm/java-8-openjdk/jre/lib/jce.jar:/usr/lib/jvm/java-8-openjdk/jre/lib/charsets.jar:/usr/lib/jvm/java-8-openjdk/jre/lib/jfr.jar:/usr/lib/jvm/java-8-openjdk/jre/classes"/>
    <property name="sun.management.compiler" value="HotSpot 64-Bit Tiered Compilers"/>
    <property name="java.runtime.version" value="1.8.0_362-b09"/>
    <property name="user.name" value="aric"/>
    <property name="path.separator" value=":"/>
    <property name="os.version" value="6.2.9-arch1-1"/>
    <property name="java.endorsed.dirs" value="/usr/lib/jvm/java-8-openjdk/jre/lib/endorsed"/>
    <property name="java.runtime.name" value="OpenJDK Runtime Environment"/>
    <property name="file.encoding" value="UTF-8"/>
    <property name="java.vm.name" value="OpenJDK 64-Bit Server VM"/>
    <property name="localRepository" value="/home/aric/.m2/repository"/>
    <property name="java.vendor.url.bug" value="http://bugreport.sun.com/bugreport/"/>
    <property name="java.io.tmpdir" value="/tmp"/>
    <property name="java.version" value="1.8.0_362"/>
    <property name="user.dir" value="/home/aric/Desktop/FirmataTemplate/main"/>
    <property name="os.arch" value="amd64"/>
    <property name="java.vm.specification.name" value="Java Virtual Machine Specification"/>
    <property name="java.awt.printerjob" value="sun.print.PSPrinterJob"/>
    <property name="sun.os.patch.level" value="unknown"/>
    <property name="java.library.path" value="/usr/java/packages/lib/amd64:/usr/lib64:/lib64:/lib:/usr/lib"/>
    <property name="java.vm.info" value="mixed mode"/>
    <property name="java.vendor" value="Oracle Corporation"/>
    <property name="java.vm.version" value="25.362-b09"/>
    <property name="java.specification.maintenance.version" value="4"/>
    <property name="java.ext.dirs" value="/usr/lib/jvm/java-8-openjdk/jre/lib/ext:/usr/java/packages/lib/ext"/>
    <property name="sun.io.unicode.encoding" value="UnicodeLittle"/>
    <property name="java.class.version" value="52.0"/>
  </properties>
  <testcase name="shouldAnswerWithTrue" classname="com.option16.AppTest" time="0.005"/>
</testsuite>